# JRE version: OpenJDK Runtime Environment Temurin-21.0.3+9 (21.0.3+9) (build 21.0.3+9-LTS)
# Java VM: OpenJDK 64-Bit Server VM Temurin-21.0.3+9 (21.0.3+9-LTS, mixed mode, tiered, compressed oops, compressed class ptrs, g1 gc, windows-amd64)
GC Precious Log:
 CardTable entry size: 512
 Card Set container configuration: InlinePtr #cards 5 size 8 Array Of Cards #cards 12 size 40 Howl #buckets 4 coarsen threshold 1843 Howl Bitmap #cards 512 size 80 coarsen threshold 460 Card regions per heap region 1 cards per card region 2048
 CPUs: 4 total, 4 available
 Memory: 8066M
 Large Page Support: Disabled
 NUMA Support: Disabled
 Compressed Oops: Enabled (32-bit)
 Heap Region Size: 1M
 Heap Min Capacity: 8M
 Heap Initial Capacity: 128M
 Heap Max Capacity: 2018M
 Pre-touch: Disabled
 Parallel Workers: 4
 Concurrent Workers: 1
 Concurrent Refinement Workers: 4
 Periodic GC: Disabled
Heap:
 garbage-first heap   total 89088K, used 74379K [0x0000000081e00000, 0x0000000100000000)
  region size 1024K, 40 young (40960K), 4 survivors (4096K)
 Metaspace       used 97609K, committed 98496K, reserved 1179648K
  class space    used 12302K, committed 12672K, reserved 1048576K
GC Heap History (20 events):
Event: 14.515 GC heap after
{Heap after GC invocations=36 (full 0):
 garbage-first heap   total 73728K, used 35462K [0x0000000081e00000, 0x0000000100000000)
  region size 1024K, 4 young (4096K), 4 survivors (4096K)
 Metaspace       used 88176K, committed 88896K, reserved 1179648K
  class space    used 11368K, committed 11712K, reserved 1048576K
}
Event: 15.198 GC heap before
{Heap before GC invocations=36 (full 0):
 garbage-first heap   total 73728K, used 64134K [0x0000000081e00000, 0x0000000100000000)
  region size 1024K, 32 young (32768K), 4 survivors (4096K)
 Metaspace       used 89629K, committed 90368K, reserved 1179648K
  class space    used 11549K, committed 11904K, reserved 1048576K
}
Event: 15.208 GC heap after
{Heap after GC invocations=37 (full 0):
 garbage-first heap   total 89088K, used 37247K [0x0000000081e00000, 0x0000000100000000)
  region size 1024K, 4 young (4096K), 4 survivors (4096K)
 Metaspace       used 89629K, committed 90368K, reserved 1179648K
  class space    used 11549K, committed 11904K, reserved 1048576K
}
Event: 40.340 GC heap before
{Heap before GC invocations=38 (full 0):
 garbage-first heap   total 89088K, used 46463K [0x0000000081e00000, 0x0000000100000000)
  region size 1024K, 14 young (14336K), 4 survivors (4096K)
 Metaspace       used 90219K, committed 91008K, reserved 1179648K
  class space    used 11640K, committed 11968K, reserved 1048576K
}
Event: 40.406 GC heap after
{Heap after GC invocations=39 (full 1):
 garbage-first heap   total 89088K, used 29592K [0x0000000081e00000, 0x0000000100000000)
  region size 1024K, 0 young (0K), 0 survivors (0K)
 Metaspace       used 90215K, committed 91008K, reserved 1179648K
  class space    used 11640K, committed 11968K, reserved 1048576K
}
Event: 41.765 GC heap before
{Heap before GC invocations=39 (full 1):
 garbage-first heap   total 89088K, used 78744K [0x0000000081e00000, 0x0000000100000000)
  region size 1024K, 49 young (50176K), 0 survivors (0K)
 Metaspace       used 90754K, committed 91520K, reserved 1179648K
  class space    used 11656K, committed 11968K, reserved 1048576K
}
Event: 41.772 GC heap after
{Heap after GC invocations=40 (full 1):
 garbage-first heap   total 89088K, used 33863K [0x0000000081e00000, 0x0000000100000000)
  region size 1024K, 5 young (5120K), 5 survivors (5120K)
 Metaspace       used 90754K, committed 91520K, reserved 1179648K
  class space    used 11656K, committed 11968K, reserved 1048576K
}
Event: 45.160 GC heap before
{Heap before GC invocations=40 (full 1):
 garbage-first heap   total 89088K, used 75847K [0x0000000081e00000, 0x0000000100000000)
  region size 1024K, 47 young (48128K), 5 survivors (5120K)
 Metaspace       used 91545K, committed 92288K, reserved 1179648K
  class space    used 11680K, committed 11968K, reserved 1048576K
}
Event: 45.228 GC heap after
{Heap after GC invocations=41 (full 2):
 garbage-first heap   total 89088K, used 30088K [0x0000000081e00000, 0x0000000100000000)
  region size 1024K, 0 young (0K), 0 survivors (0K)
 Metaspace       used 91539K, committed 92288K, reserved 1179648K
  class space    used 11679K, committed 11968K, reserved 1048576K
}
Event: 46.295 GC heap before
{Heap before GC invocations=41 (full 2):
 garbage-first heap   total 89088K, used 77192K [0x0000000081e00000, 0x0000000100000000)
  region size 1024K, 46 young (47104K), 0 survivors (0K)
 Metaspace       used 91847K, committed 92608K, reserved 1179648K
  class space    used 11691K, committed 12032K, reserved 1048576K
}
Event: 46.302 GC heap after
{Heap after GC invocations=42 (full 2):
 garbage-first heap   total 89088K, used 34184K [0x0000000081e00000, 0x0000000100000000)
  region size 1024K, 4 young (4096K), 4 survivors (4096K)
 Metaspace       used 91847K, committed 92608K, reserved 1179648K
  class space    used 11691K, committed 12032K, reserved 1048576K
}
Event: 61.990 GC heap before
{Heap before GC invocations=42 (full 2):
 garbage-first heap   total 89088K, used 78216K [0x0000000081e00000, 0x0000000100000000)
  region size 1024K, 48 young (49152K), 4 survivors (4096K)
 Metaspace       used 92576K, committed 93376K, reserved 1179648K
  class space    used 11730K, committed 12096K, reserved 1048576K
}
Event: 62.000 GC heap after
{Heap after GC invocations=43 (full 2):
 garbage-first heap   total 89088K, used 36637K [0x0000000081e00000, 0x0000000100000000)
  region size 1024K, 4 young (4096K), 4 survivors (4096K)
 Metaspace       used 92576K, committed 93376K, reserved 1179648K
  class space    used 11730K, committed 12096K, reserved 1048576K
}
Event: 111.321 GC heap before
{Heap before GC invocations=43 (full 2):
 garbage-first heap   total 89088K, used 59165K [0x0000000081e00000, 0x0000000100000000)
  region size 1024K, 28 young (28672K), 4 survivors (4096K)
 Metaspace       used 94981K, committed 95872K, reserved 1179648K
  class space    used 12028K, committed 12416K, reserved 1048576K
}
Event: 111.394 GC heap after
{Heap after GC invocations=44 (full 3):
 garbage-first heap   total 89088K, used 31416K [0x0000000081e00000, 0x0000000100000000)
  region size 1024K, 0 young (0K), 0 survivors (0K)
 Metaspace       used 94975K, committed 95872K, reserved 1179648K
  class space    used 12027K, committed 12416K, reserved 1048576K
}
Event: 112.468 GC heap before
{Heap before GC invocations=44 (full 3):
 garbage-first heap   total 89088K, used 77496K [0x0000000081e00000, 0x0000000100000000)
  region size 1024K, 46 young (47104K), 0 survivors (0K)
 Metaspace       used 95196K, committed 96064K, reserved 1179648K
  class space    used 12039K, committed 12416K, reserved 1048576K
}
Event: 112.476 GC heap after
{Heap after GC invocations=45 (full 3):
 garbage-first heap   total 89088K, used 35512K [0x0000000081e00000, 0x0000000100000000)
  region size 1024K, 4 young (4096K), 4 survivors (4096K)
 Metaspace       used 95196K, committed 96064K, reserved 1179648K
  class space    used 12039K, committed 12416K, reserved 1048576K
}
Event: 122.949 GC heap before
{Heap before GC invocations=45 (full 3):
 garbage-first heap   total 89088K, used 79544K [0x0000000081e00000, 0x0000000100000000)
  region size 1024K, 47 young (48128K), 4 survivors (4096K)
 Metaspace       used 95813K, committed 96704K, reserved 1179648K
  class space    used 12067K, committed 12480K, reserved 1048576K
}
Event: 122.957 GC heap after
{Heap after GC invocations=46 (full 3):
 garbage-first heap   total 89088K, used 38070K [0x0000000081e00000, 0x0000000100000000)
  region size 1024K, 4 young (4096K), 4 survivors (4096K)
 Metaspace       used 95813K, committed 96704K, reserved 1179648K
  class space    used 12067K, committed 12480K, reserved 1048576K
}
Event: 637.992 GC heap before
{Heap before GC invocations=46 (full 3):
 garbage-first heap   total 89088K, used 72886K [0x0000000081e00000, 0x0000000100000000)
  region size 1024K, 40 young (40960K), 4 survivors (4096K)
 Metaspace       used 97609K, committed 98496K, reserved 1179648K
  class space    used 12302K, committed 12672K, reserved 1048576K
}

