# JRE version: OpenJDK Runtime Environment Temurin-21.0.3+9 (21.0.3+9) (build 21.0.3+9-LTS)
# Java VM: OpenJDK 64-Bit Server VM Temurin-21.0.3+9 (21.0.3+9-LTS, mixed mode, tiered, compressed oops, compressed class ptrs, g1 gc, windows-amd64)
GC Precious Log:
 CardTable entry size: 512
 Card Set container configuration: InlinePtr #cards 5 size 8 Array Of Cards #cards 12 size 40 Howl #buckets 4 coarsen threshold 1843 Howl Bitmap #cards 512 size 80 coarsen threshold 460 Card regions per heap region 1 cards per card region 2048
 CPUs: 4 total, 4 available
 Memory: 8066M
 Large Page Support: Disabled
 NUMA Support: Disabled
 Compressed Oops: Enabled (32-bit)
 Heap Region Size: 1M
 Heap Min Capacity: 8M
 Heap Initial Capacity: 128M
 Heap Max Capacity: 2018M
 Pre-touch: Disabled
 Parallel Workers: 4
 Concurrent Workers: 1
 Concurrent Refinement Workers: 4
 Periodic GC: Disabled
Heap:
 garbage-first heap   total 89088K, used 51680K [0x0000000081e00000, 0x0000000100000000)
  region size 1024K, 18 young (18432K), 4 survivors (4096K)
 Metaspace       used 95969K, committed 96768K, reserved 1179648K
  class space    used 12249K, committed 12608K, reserved 1048576K
GC Heap History (20 events):
Event: 10.485 GC heap after
{Heap after GC invocations=29 (full 0):
 garbage-first heap   total 73728K, used 27506K [0x0000000081e00000, 0x0000000100000000)
  region size 1024K, 3 young (3072K), 3 survivors (3072K)
 Metaspace       used 73578K, committed 74176K, reserved 1114112K
  class space    used 9157K, committed 9408K, reserved 1048576K
}
Event: 10.991 GC heap before
{Heap before GC invocations=29 (full 0):
 garbage-first heap   total 73728K, used 64370K [0x0000000081e00000, 0x0000000100000000)
  region size 1024K, 39 young (39936K), 3 survivors (3072K)
 Metaspace       used 77214K, committed 77824K, reserved 1179648K
  class space    used 9593K, committed 9856K, reserved 1048576K
}
Event: 10.998 GC heap after
{Heap after GC invocations=30 (full 0):
 garbage-first heap   total 73728K, used 28956K [0x0000000081e00000, 0x0000000100000000)
  region size 1024K, 5 young (5120K), 5 survivors (5120K)
 Metaspace       used 77214K, committed 77824K, reserved 1179648K
  class space    used 9593K, committed 9856K, reserved 1048576K
}
Event: 11.534 GC heap before
{Heap before GC invocations=31 (full 0):
 garbage-first heap   total 73728K, used 60700K [0x0000000081e00000, 0x0000000100000000)
  region size 1024K, 37 young (37888K), 5 survivors (5120K)
 Metaspace       used 79817K, committed 80448K, reserved 1179648K
  class space    used 10124K, committed 10368K, reserved 1048576K
}
Event: 11.543 GC heap after
{Heap after GC invocations=32 (full 0):
 garbage-first heap   total 73728K, used 30094K [0x0000000081e00000, 0x0000000100000000)
  region size 1024K, 4 young (4096K), 4 survivors (4096K)
 Metaspace       used 79817K, committed 80448K, reserved 1179648K
  class space    used 10124K, committed 10368K, reserved 1048576K
}
Event: 11.887 GC heap before
{Heap before GC invocations=32 (full 0):
 garbage-first heap   total 73728K, used 62862K [0x0000000081e00000, 0x0000000100000000)
  region size 1024K, 37 young (37888K), 4 survivors (4096K)
 Metaspace       used 82182K, committed 82816K, reserved 1179648K
  class space    used 10545K, committed 10816K, reserved 1048576K
}
Event: 11.900 GC heap after
{Heap after GC invocations=33 (full 0):
 garbage-first heap   total 89088K, used 30920K [0x0000000081e00000, 0x0000000100000000)
  region size 1024K, 3 young (3072K), 3 survivors (3072K)
 Metaspace       used 82182K, committed 82816K, reserved 1179648K
  class space    used 10545K, committed 10816K, reserved 1048576K
}
Event: 12.697 GC heap before
{Heap before GC invocations=33 (full 0):
 garbage-first heap   total 89088K, used 80072K [0x0000000081e00000, 0x0000000100000000)
  region size 1024K, 51 young (52224K), 3 survivors (3072K)
 Metaspace       used 86561K, committed 87232K, reserved 1179648K
  class space    used 11144K, committed 11456K, reserved 1048576K
}
Event: 12.706 GC heap after
{Heap after GC invocations=34 (full 0):
 garbage-first heap   total 89088K, used 33204K [0x0000000081e00000, 0x0000000100000000)
  region size 1024K, 6 young (6144K), 6 survivors (6144K)
 Metaspace       used 86561K, committed 87232K, reserved 1179648K
  class space    used 11144K, committed 11456K, reserved 1048576K
}
Event: 13.404 GC heap before
{Heap before GC invocations=34 (full 0):
 garbage-first heap   total 89088K, used 76212K [0x0000000081e00000, 0x0000000100000000)
  region size 1024K, 48 young (49152K), 6 survivors (6144K)
 Metaspace       used 89298K, committed 90048K, reserved 1179648K
  class space    used 11500K, committed 11840K, reserved 1048576K
}
Event: 13.415 GC heap after
{Heap after GC invocations=35 (full 0):
 garbage-first heap   total 89088K, used 36063K [0x0000000081e00000, 0x0000000100000000)
  region size 1024K, 6 young (6144K), 6 survivors (6144K)
 Metaspace       used 89298K, committed 90048K, reserved 1179648K
  class space    used 11500K, committed 11840K, reserved 1048576K
}
Event: 52.499 GC heap before
{Heap before GC invocations=35 (full 0):
 garbage-first heap   total 89088K, used 75999K [0x0000000081e00000, 0x0000000100000000)
  region size 1024K, 46 young (47104K), 6 survivors (6144K)
 Metaspace       used 92808K, committed 93632K, reserved 1179648K
  class space    used 11962K, committed 12352K, reserved 1048576K
}
Event: 52.509 GC heap after
{Heap after GC invocations=36 (full 0):
 garbage-first heap   total 89088K, used 37507K [0x0000000081e00000, 0x0000000100000000)
  region size 1024K, 5 young (5120K), 5 survivors (5120K)
 Metaspace       used 92808K, committed 93632K, reserved 1179648K
  class space    used 11962K, committed 12352K, reserved 1048576K
}
Event: 305.799 GC heap before
{Heap before GC invocations=37 (full 0):
 garbage-first heap   total 89088K, used 60035K [0x0000000081e00000, 0x0000000100000000)
  region size 1024K, 28 young (28672K), 5 survivors (5120K)
 Metaspace       used 93995K, committed 94848K, reserved 1179648K
  class space    used 12135K, committed 12544K, reserved 1048576K
}
Event: 305.884 GC heap after
{Heap after GC invocations=38 (full 1):
 garbage-first heap   total 89088K, used 31157K [0x0000000081e00000, 0x0000000100000000)
  region size 1024K, 0 young (0K), 0 survivors (0K)
 Metaspace       used 93992K, committed 94848K, reserved 1179648K
  class space    used 12134K, committed 12544K, reserved 1048576K
}
Event: 307.109 GC heap before
{Heap before GC invocations=38 (full 1):
 garbage-first heap   total 89088K, used 79285K [0x0000000081e00000, 0x0000000100000000)
  region size 1024K, 48 young (49152K), 0 survivors (0K)
 Metaspace       used 94478K, committed 95296K, reserved 1179648K
  class space    used 12150K, committed 12544K, reserved 1048576K
}
Event: 307.116 GC heap after
{Heap after GC invocations=39 (full 1):
 garbage-first heap   total 89088K, used 35253K [0x0000000081e00000, 0x0000000100000000)
  region size 1024K, 4 young (4096K), 4 survivors (4096K)
 Metaspace       used 94478K, committed 95296K, reserved 1179648K
  class space    used 12150K, committed 12544K, reserved 1048576K
}
Event: 320.611 GC heap before
{Heap before GC invocations=39 (full 1):
 garbage-first heap   total 89088K, used 78261K [0x0000000081e00000, 0x0000000100000000)
  region size 1024K, 46 young (47104K), 4 survivors (4096K)
 Metaspace       used 95315K, committed 96128K, reserved 1179648K
  class space    used 12174K, committed 12544K, reserved 1048576K
}
Event: 320.630 GC heap after
{Heap after GC invocations=40 (full 1):
 garbage-first heap   total 89088K, used 38086K [0x0000000081e00000, 0x0000000100000000)
  region size 1024K, 4 young (4096K), 4 survivors (4096K)
 Metaspace       used 95315K, committed 96128K, reserved 1179648K
  class space    used 12174K, committed 12544K, reserved 1048576K
}
Event: 448.389 GC heap before
{Heap before GC invocations=40 (full 1):
 garbage-first heap   total 89088K, used 50374K [0x0000000081e00000, 0x0000000100000000)
  region size 1024K, 18 young (18432K), 4 survivors (4096K)
 Metaspace       used 95969K, committed 96768K, reserved 1179648K
  class space    used 12249K, committed 12608K, reserved 1048576K
}

